<?xml version="1.0" encoding="UTF-8"?>
<!-- Generated by org.testng.reporters.JUnitReportReporter -->
<testsuite hostname="HP" failures="0" tests="3" name="testCompanycom.tests.StandAloneTest2" time="27.866" errors="0" timestamp="2025-02-06T19:37:36 GMT" skipped="0">
  <testcase classname="testCompanycom.tests.StandAloneTest2" name="submitOrder" time="12.603"/>
  <system-out/>
  <testcase classname="testCompanycom.tests.StandAloneTest2" name="submitOrder" time="10.279"/>
  <system-out/>
  <testcase classname="testCompanycom.tests.StandAloneTest2" name="OrderHistoryTest" time="4.984"/>
  <system-out/>
</testsuite> <!-- testCompanycom.tests.StandAloneTest2 -->
