<?xml version="1.0" encoding="UTF-8"?>
<!-- Generated by org.testng.reporters.JUnitReportReporter -->
<testsuite hostname="HP" failures="0" tests="2" name="testCompanycom.tests.StandAloneTest2" time="19.766" errors="0" timestamp="2025-02-07T00:11:46 GMT" skipped="0">
  <testcase classname="testCompanycom.tests.StandAloneTest2" name="submitOrder" time="10.469"/>
  <testcase classname="testCompanycom.tests.StandAloneTest2" name="submitOrder" time="9.297"/>
</testsuite> <!-- testCompanycom.tests.StandAloneTest2 -->
