<?xml version="1.0" encoding="UTF-8"?>
<!-- Generated by org.testng.reporters.JUnitReportReporter -->
<testsuite hostname="HP" failures="0" tests="2" name="testCompanycom.tests.ErrorValidationsTest" time="14.347" errors="0" timestamp="2025-02-06T23:31:24 GMT" skipped="0">
  <testcase classname="testCompanycom.tests.ErrorValidationsTest" name="loginErrorValidation" time="5.825"/>
  <testcase classname="testCompanycom.tests.ErrorValidationsTest" name="productErrorValidation" time="8.522"/>
</testsuite> <!-- testCompanycom.tests.ErrorValidationsTest -->
